	---添加基本信息---
	---添加股东---
found 协盛科技
found 刘轶超
found 刘轶超
found 刘轶超2016年持股协盛科技数量
found 张樟
found 张樟2016年持股协盛科技数量
found 刘轶超
found 张樟
	---添加高管---
found 协盛科技
found 刘轶超
found 张樟
found 张樟
found 甘凯
found 甘凯
found 郝晶
协盛科技 fail to add relationship 职工代表监事 to 马超cause:null
found 协盛科技
	---添加盈利能力---
found 协盛科技2016年盈利能力
found 协盛科技2015年盈利能力
	---添加偿债能力---
found 协盛科技2016年偿债能力
found 协盛科技2015年偿债能力
	---添加营运情况---
found 协盛科技2016年营运情况
found 协盛科技2015年营运情况
	---添加成长情况---
found 协盛科技2016年成长情况
found 协盛科技2015年成长情况
	---添加股本情况---
found 协盛科技2016年股本情况
found 协盛科技2015年股本情况
	---添加非经常性损益---
found 协盛科技2016年非经常性损益
found 协盛科技
	---添加供应商---
	---添加客户---
