/home/sunlianjie/software/anaconda3/bin/python3.6 /home/sunlianjie/PycharmProjects/pyprac/main.py
830883联桥新材：2015年年度报告2016-03-31.docx
830805德马科技：2015年年度报告2016-04-15.docx
830897志向科研：2015年年度报告2016-04-12.docx
830876黄河软轴：2015年年度报告2016-04-15.docx
前十名股东间相互关系说明：股东杨长儒与股东庞媛媛是父女关系，股东郭兰草与股东杜万庆是母子关系，股东郭兰草与股东杜庆丽是母女关系。

股东杨长儒与股东庞媛媛是父女关系
杨长儒 庞媛媛 父女


股东郭兰草与股东杜万庆是母子关系
郭兰草 杜万庆 母子


股东郭兰草与股东杜庆丽是母女关系。
郭兰草 杜庆丽 母女


830840永力科技：2015年年度报告2016-03-29.docx
830873奥测世纪：2015年年度报告2016-03-28.docx
830797易之景和：2015年年度报告2016-03-31.docx
830844鸿远电气：2015年年度报告2016-04-15.docx
前十名股东间相互关系说明：鲁涛与李欣为夫妻关系，二人为公司共同控制人。

鲁涛与李欣为夫妻关系
鲁涛 李欣 夫妻


830852中科仪：2015年年度报告2016-04-21.docx
说明高管表格分页了。。。
830849平原智能：2015年年度报告-更正后2017-07-03.docx
2015-8-26

830890海魄科技：2015年年度报告2016-03-30.docx
2015-04-02

830795骏汇股份：2015年年度报告2016-04-26.docx
830769华财会计：2015年年度报告2016-04-12.docx
前十名股东间相互关系说明：公司股东中，王久立、孙丽梅系夫妻，具有关联关系；王久立系天津华财之家企业管理咨询中心（有限合伙）的普通合伙人。除此之外，股东之间无关联关系。

830818巨峰股份：2015年年度报告2016-04-06.docx
前十名股东间相互关系说明：公司前十名股东中，吴江国发和苏州国发具有共同的出资人苏州国发创业投资控股有限公司。其中，苏州国发创业投资控股有限公司持有吴江国发13.33%的股权；对苏州国发出资4,800万元，占比15%。

830881圣泉集团：2015年年度报告2016-03-30.docx
前十名股东间相互关系说明：唐一林、唐路林系堂兄弟关系，唐一林、唐地源系父子关系，其余前十名股东相互之间无任何亲属关系。

唐一林、唐路林系堂兄弟关系
唐一林 唐路林 堂兄弟


唐一林、唐地源系父子关系
唐一林 唐地源 父子


830793阿拉丁：2015年年度报告2016-05-13.docx
前十名股东间相互关系说明：截至2015年12月31日，公司前十名股东中，徐久振、招立萍为夫妇关系，上海仕创投资有限公司为徐久振、招立萍控制的公司；上海晶真投资管理中心（有限合伙）为阿拉丁员工持股平台，执行事务合伙人为招立萍。

徐久振、招立萍为夫妇关系
徐久振 招立萍 夫妇


830787唐朝股份：2015年年度报告2016-04-29.docx
前十名股东间相互关系说明：叶东杰先生持有唐朝实业95.00%的股权，唐朝实业持有本公司86.73%的股份，叶东兴先生持有唐朝实业5.00%的股权，持有本公司1.77%的股份；叶东杰先生与叶东兴先生为兄弟关系。

叶东杰先生与叶东兴先生为兄弟关系。
叶东杰 叶东兴 兄弟


830875千草生物：2015年年度报告2016-03-30.docx
说明高管表格分页了。。。
830808中智华体：2015年年度报告2016-04-26.docx
830871天元晟业：2015年年度报告2016-03-31.docx
前十名股东间相互关系说明：前十名股东间均无相互关系。

830776帕特尔：2015年年度报告2016-03-25.docx
前十名股东间相互关系说明：潘政刚、潘政春、潘家忠、潘政强、潘正林、潘政军等六人是兄弟关系为一致行动人，其他股东相互间及与控股股东、实际控制人之间均无关联关系。

潘政刚、潘政春、潘家忠、潘政强、潘正林、潘政军等六人是兄弟关系为一致行动人
潘政刚、潘政春、潘家忠、潘政强、潘正林 潘政军等六人 兄弟


830806亚锦科技：2015年年度报告2016-04-25.docx
2015年9月30日

说明高管表格分页了。。。
830812约伴旅游：2015年年度报告2016-04-11.docx
前十名股东间相互关系说明：股东徐志卫和包涵为夫妻关系，其它股东之间无关联关系。

股东徐志卫和包涵为夫妻关系
徐志卫 包涵 夫妻


830786华源股份：2015年年度报告2016-04-15.docx
830773正扬股份：2015年年度报告2016-03-23.docx
830866凌志软件：2015年年度报告2016-08-02.docx
830899联讯证券：联讯证券股份有限公司2015年年度报告2016-03-29.docx
说明高管表格分页了。。。
830853天加新材：2015年年度报告2016-04-12.docx


830893亚泽股份：2015年年度报告2016-04-18.docx
830861金诺科技：2015年年度报告2016-04-13.docx
830872长信畅中：2015年年度报告2016-04-14.docx
说明高管表格分页了。。。
830877康莱体育：2015年年度报告2016-03-30.docx
前十名股东间相互关系说明：余雪利与张超系夫妻关系，余雪利为张超之妻；张日生与张超系父子关系，张日生为张超之父；余雪利与余继平为姐弟关系，余雪利为余继平之姐。除上述关联关系外，公司股东之间不存在其他关联关系。

余雪利与张超系夫妻关系
余雪利 张超 夫妻


张日生与张超系父子关系
张日生 张超 父子


余雪利与余继平为姐弟关系
余雪利 余继平 姐弟


830888世纪工场：2015年年度报告2016-03-29.docx
830831华泰集团：2015年年度报告2016-04-15.docx
前十名股东间相互关系说明：吴国良与吴国伟系兄弟关系。

吴国良与吴国伟系兄弟关系。
吴国良 吴国伟 兄弟


说明高管表格分页了。。。
830791佳晓股份：2015年年度报告2016-04-29.docx
前十名股东间相互关系说明：公司前十名控股股东之间无关联方关系。

830777金达莱：2015年年度报告2016-03-30.docx
830821雪郎生物：2015年年度报告2016-04-08.docx
830796云南路桥：2015年年度报告2016-04-29.docx
说明高管表格分页了。。。
830867全华光电：2015年年度报告2016-04-21.docx
830869英康科技：2015年年度报告2016-03-28.docx
说明高管表格分页了。。。
830850万企达：2015年年度报告2016-04-27.docx
前十名股东间相互关系说明：无

说明高管表格分页了。。。
830783广源精密：2015年年度报告2016-04-26.docx
前十名股东间相互关系说明：本公司控股股东、实际控制人孙作晶先生，与股东孙会栋先生为叔侄关系,股东李献亮先生与股东李献峰先生为兄弟关系；其他股东之间不存在配偶、三代以内直系或旁系亲属关系。

股东李献亮先生与股东李献峰先生为兄弟关系
李献亮 李献峰 兄弟


其他股东之间不存在配偶、三代以内直系或旁系亲属关系。
之间不存在配偶 三代以内直 或旁系亲属


830765协盛科技：2015年年度报告2016-04-22.docx
项目

830788运通四方：2015年度报告2016-04-14.docx
830816卡特股份：2015年年度报告2016-03-31.docx
830809安达科技：2015年年度报告2016-05-23.docx
830863瑞华天健：2015年年度报告2016-04-27.docx
830878智信股份：2015年年度报告2016-04-18.docx


830858华图教育：2015年年度报告2016-04-11.docx
前十名股东间相互关系说明：控股股东易定宏与易翠英为姐弟关系4易定宏与伍景玉为夫妻关系。其他股东之间无关联关系。

控股股东易定宏与易翠英为姐弟关系4易定宏与伍景玉为夫妻关系。其他股东之间无关联关系。
易定宏与易翠英为姐弟关系4易定宏 伍景玉 夫妻


830785冰洋科技：2015年度报告2016-04-27.docx
830803新松医疗：2015年年度报告2016-04-12.docx
830798中外名人：公司2015年年度报告2016-04-26.docx
陈建国与陈建平为兄弟关系，陈建国与胡朔阳为父子关系。陈建国、陈建平为奔达投资股东，陈建国、陈建平为智海金通有限合伙人，胡朔阳为智海金通执行合伙人，其他股东之间不存在关联关系。注：上述公司普通股股本结构、前十名股东持股情况之数据，均根据中国证券登记结算有限公司北京分公司出具的截至2015年12月31日的发行人股本结构、证券持有人名册填写，本报告期末公司总股本为63,956,372股。公司于2015年6月30日披露《中外名人文化传媒股份有限公司第二次股票发行方案》，经公司第二届董事会第十七次会议、2015年第六次临时股东大会审议通过后开始实施，2015年8月26日完成股票发行的缴款认购工作。本次非公开发行股票的价格为18元/股，发行股票数量3,327,000.00股，募集资金总额59,886,000.00元。本次股票发行完成后，公司总股本增加至67,283,372元。

陈建国与陈建平为兄弟关系
陈建国 陈建平 兄弟


陈建国与胡朔阳为父子关系。陈建国、陈建平为奔达投资股东
陈建国 胡朔阳 父子


830837古城香业：2015年度报告2016-03-30.docx
830822海容冷链：2015年年度报告2016-03-28.docx
830827世优电气：2015年年度报告2016-04-18.docx
前十名股东间相互关系说明：

830856合矿股份：安徽合矿机械股份有限公司2015年年度报告2016-04-27.docx
830819致生联发：2015年年度报告2016-03-28.docx
830830新昶虹：2015年年度报告2016-04-25.docx
830895玉成精机：2015年年度报告2016-03-23.docx
830824华虹科技：2015年年度报告2016-04-20.docx
830842长天思源：2015年年度报告2016-04-08.docx
前十名股东间相互关系说明：公司共两名股东，分别为境内自然人余阳、梁文智，股东之间不存在关联关系。

830865南菱汽车：2015年年度报告2016-04-25.docx
前十名股东间相互关系说明：马春欣、马春光为姐弟关系。邓曦晖持有广东尊裕投资有限公司30%的股权。马春欣持有广东尊裕投资有限公司40%的股权。嘉兴春秋晋文九鼎投资中心（有限合伙）、嘉兴春秋齐桓九鼎投资中心（有限合伙）、嘉兴春秋楚庄九鼎投资中心（有限合伙）的执行事务合伙人均为嘉兴昆吾九鼎投资中心（有限合伙）。

马春欣、马春光为姐弟关系。邓曦晖持有广东尊裕投资有限公司30%的股权。马春欣持有广东尊裕投资有限公司40%的股权。嘉兴春秋晋文九鼎投资中心（有限合伙）、嘉兴春秋齐桓九鼎投资中心（有限合伙）、嘉兴春秋楚庄九鼎投资中心（有限合伙）的执行事务合伙人均为嘉兴昆吾九鼎投资中心（有限合伙）。
马春欣 马春光 姐弟


830896旺成科技：2015年年度报告-更正后2017-04-26.docx
830846格林检测：2015年度报告2016-04-20.docx
830817鼎炬科技：2015年年度报告-补发2016-03-25.docx
830826泰瑞机械：2015年度报告2016-04-22.docx
830784威尔凯：2015年年度报告2016-04-26.docx
830811安凯达：2015年年度报告2016-04-18.docx
前十名股东间相互关系说明：在公司6名自然人股东中，除梁远鹏系易飞舟的妹夫外，其他不具有关联关系。贵州安凯达活性石灰有限责任公司（以下简称“石灰公司”）为本公司的控股股东，直接持有本公司4000万股股份，占本公司股份总额的57.14%；石灰公司的股东为葛洪、六盘水安凯达耐火材料有限公司（简称“耐火材料公司”）、张龙，其持有比例分别为60%、30%、10%；其中本公司股东、董事、总经理易飞舟，股东、董事刘烨，股东、董事、财务总监靳明灿，股东、监事会主席梁远鹏分别持有耐火材料公司

830864诚思科技：2015年年度报告2016-04-29.docx
830771华灿电讯：2015年年度报告2016-04-25.docx
前十名股东间相互关系说明：吴旭东为吴灿华之子，吴旭霞为吴灿华之女，吴正华为吴灿华之弟，吴树峰为吴灿华弟弟之子，宋怀为吴灿华配偶的表弟，陈申系吴灿华配偶的妹夫,南通华惠投资有限公司由吴灿华控股90%，吴树峰控股10%。

830825和泰塑胶：2015年年度报告2016-03-31.docx
830900维福特：2015年年度报告2016-04-14.docx


830870松宝智能：2015年年度报告2016-04-22.docx
830770牛商股份：2015年年度报告2016-04-18.docx
830839万通液压：2015年年度报告2016-04-15.docx
830792创新科技：2015年年度报告2016-04-11.docx
说明高管表格分页了。。。
830889深拓智能：2015年年度报告2016-03-31.docx
说明高管表格分页了。。。
830781精鹰传媒：2015年年度报告2016-04-15.docx
前十名股东间相互关系说明：相互独立。

830810广东羚光：2015年度报告2016-04-26.docx
前十名股东间相互关系说明：公司股东肇庆市粤科金叶创业投资有限公司是控股股东广东金叶投资控股集团有限公司控股(持有66.67%的股权)的有限责任公司。

830833九生堂：2015年年度报告2016-04-19.docx
830894紫竹桩基：2015年年度报告2016-03-24.docx
830834信达化工：2015年度报告2016-04-05.docx
830772远航科技：2015年度报告2016-04-22.docx
830868建策科技：2015年年度报告2016-03-18.docx
前十名股东间相互关系说明：公司股东王继锋和郭飞飞为夫妻关系，并已签署《一致行动协议》；宏策投资系王继锋和郭飞飞投资的合伙企业，王继锋为唯一普通合伙人、执行事务合伙人，郭飞飞为有限合伙人。除上述关系外，公司股东之间不存在其他关联关系。

公司股东王继锋和郭飞飞为夫妻关系
王继锋 郭飞飞 夫妻


830767网虫股份：2015年年度报告2016-04-27.docx
前十名股东间相互关系说明：葛昱与秦福裔系母子关系，其它股东间无关系。

葛昱与秦福裔系母子关系
葛昱 秦福裔 母子


说明高管表格分页了。。。
830823拓天节能：2015年年度报告2016-03-31.docx
前十名股东间相互关系说明：股东之间无关联关系。

830886太尔科技：2015年年度报告2016-04-26.docx
830774百博生物：2015年年度报告2016-04-11.docx
高管出问题了
830859金旭农发：2015年年度报告2016-04-05.docx
830884华盛供水：2015年度报告2016-04-21.docx
830874金田元丰：2015年年度报告2016-04-28.docx
830891轩辕网络：2015年年度报告2016-04-06.docx
前十名股东间相互关系说明：陈统与陈巧梅系兄妹关系，张小波是陈统的妻弟，其余十名股东相互之间无任何亲属关系。

陈统与陈巧梅系兄妹关系
陈统 陈巧梅 兄妹


830862丰海科技：2015年年度报告2016-04-15.docx


说明高管表格分页了。。。
830835南源电力：2015年年度报告2016-04-11.docx
830898华人天地：2015年年度报告2016-03-31.docx
830849平原非标：2015年年度报告2016-03-31.docx
830882佳龙股份：2015年年度报告[2016-007]2016-04-25.docx
830802金象传动：2015年年度报告2016-04-20.docx
说明高管表格分页了。。。
830887吉美思：2015年年度报告2016-04-12.docx
830836荆楚网：2015年年度报告2016-04-22.docx
830843沃迪装备：2015年年度报告2016-04-18.docx
830829华精新材：2015年年度报告2016-03-31.docx
830775吉华材料：2015年年度报告2016-04-18.docx
前十名股东间相互关系说明：1、公司控股股东是吉华集团，实际控制人是邵伯金和徐建初。

830880火凤凰：2015年年度报告2016-03-29.docx
项目

830847晟嘉电气：2015年年度报告2016-04-22.docx
高管出问题了
830892海迈科技：2015年度报告2016-03-31.docx
830768耀通科技：2015年年度报告2016-04-21.docx
2015.6.29

830789博富科技：2015年年度报告2016-03-28.docx
说明高管表格分页了。。。
830780永鹏科技：2015年度报告2016-04-21.docx
前十名股东间相互关系说明：报告期内，公司股东兼董事长李强先生和股东兼董事程红梅女士系夫妻关系，其他股东无关联关系。

公司股东兼董事长李强先生和股东兼董事程红梅女士系夫妻关系
兼董事长李强 兼董事程红梅 夫妻


830799艾融软件：2015年年度报告2016-03-31.docx
830779武汉蓝电：2015年年度报告2016-04-18.docx
前十名股东间相互关系说明：武汉蓝和投资中心（有限合伙）系吴伟、叶文杰共同投资的企业，各持50%权益；除此之外，公司前十名股东之间不存在其他关联关系。

830790希迈气象：2015年年度报告2016-03-21.docx
830801盈富通：2015年年度报告2016-05-06.docx
830800天开园林：2015年年度报告2016-06-16.docx
前十名股东间相互关系说明：股东陈友祥、张豪是实际控制人，嘉兴天元九鼎投资中心（有限合伙）、九江乾宝九鼎投资中心（有限合伙）、苏州嘉赢九鼎投资中心（有限合伙）、苏州和众九鼎投资中心（有限合伙）四个股东为外部投资者，重庆弘仁投资中心（有限合伙）、重新渝景开投资中心（有限合伙）为内部持股平台、前海开源为股票发行的投资者，与其他股东之间无关联关系

830855盈谷股份：2015年年度报告2016-04-20.docx
前十名股东间相互关系说明：上海朱雀丙申投资中心（有限合伙）和安信乾盛财富-建设银行-安信乾盛朱雀新三板2号特定多个客户资产管理计划为关联方。

830845芯邦科技：2015年年度报告2016-04-14.docx
830778博思堂：2015年年度报告2016-03-21.docx
830782泰安众诚：2015年年度报告2016-03-31.docx
项目

高管出问题了
830857金冠科技：2015年年度报告2016-04-08.docx
前十名股东间相互关系说明：吴学勇、吴学所、吴学转、吴学敢为兄弟关系，吴登操、吴登米为兄弟关系，吴登操、吴登米的父亲吴学传与吴学勇、吴学所、吴学转、吴学敢为兄弟关系。广州晟誉投资合伙企业（有限合伙）为金冠科技中高层管理人员持股的员工持股公司。刘博与公司其他股东之间不存在共同持股金冠科技以外的其他关联关系。

吴学勇、吴学所、吴学转、吴学敢为兄弟关系
吴学勇、吴学所、吴学转 吴学敢 兄弟


吴登操、吴登米为兄弟关系
吴登操 吴登米 兄弟


吴登操、吴登米的父亲吴学传与吴学勇、吴学所、吴学转、吴学敢为兄弟关系。广州晟誉投资合伙企业（有限合伙）为金冠科技中高层管理人员持股的员工持股公司。刘博与公司其他股东之间不存在共同持股金冠科技以外的其他关联关系。
吴登操、吴登米的父亲吴学传与吴学勇、吴学所、吴学转 吴学敢 兄弟


830820大族冠华：2015年年度报告2016-04-29.docx
说明高管表格分页了。。。

Process finished with exit code 0
